<?xml version="1.0" encoding="UTF-8"?>
<!-- Generated by org.testng.reporters.JUnitReportReporter -->
<testsuite skipped="0" hostname="DESKTOP-99G0GQ5" name="org.example.testRunner.runners" tests="1" failures="0" timestamp="2022-12-11T01:34:30 EET" time="18.171" errors="0">
  <testcase name="runScenario" time="18.171" classname="org.example.testRunner.runners"/>
  <system-out/>
</testsuite> <!-- org.example.testRunner.runners -->
